<?xml version="1.0" encoding="UTF-8"?>
<!-- Generated by org.testng.reporters.JUnitXMLReporter -->
<testsuite ignored="0" hostname="DESKTOP-4ENR57E" failures="0" tests="5" name="Default test" time="0.144" errors="0" timestamp="2024-09-14T09:40:18 IST">
  <testcase classname="practise.common.congiguration.annotation.A" name="add" time="0.015"/>
  <testcase classname="practise.common.congiguration.annotation.A" name="delete" time="0.014"/>
  <testcase classname="practise.common.congiguration.annotation.A" name="m1" time="0.003"/>
  <testcase classname="practise.common.congiguration.annotation.A" name="multiply" time="0.002"/>
  <testcase classname="practise.common.congiguration.annotation.A" name="sub" time="0.002"/>
</testsuite> <!-- Default test -->
