<?xml version="1.0" encoding="UTF-8"?>
<!-- Generated by org.testng.reporters.JUnitXMLReporter -->
<testsuite ignored="0" hostname="DESKTOP-4ENR57E" failures="0" tests="6" name="Test" time="0.421" errors="0" timestamp="2024-09-14T09:22:16 IST">
  <testcase classname="practise.common.congiguration.annotation.C" name="createContact" time="0.023"/>
  <testcase classname="practise.common.congiguration.annotation.C" name="deleteContact" time="0.023"/>
  <testcase classname="practise.common.congiguration.annotation.C" name="modifyContact" time="0.008"/>
  <testcase classname="practise.common.congiguration.annotation.D" name="createOrg" time="0.006"/>
  <testcase classname="practise.common.congiguration.annotation.D" name="deleteOrg" time="0.006"/>
  <testcase classname="practise.common.congiguration.annotation.D" name="modifyOrg" time="0.005"/>
</testsuite> <!-- Test -->
